<?xml version="1.0" encoding="UTF-8"?>
<testsuite name="ContactsTest" tests="1" skipped="0" failures="0" errors="0" timestamp="2020-09-29T19:47:42" hostname="Dmytros-MacBook-Pro.local" time="0.492">
  <properties/>
  <testcase name="start" classname="ContactsTest" time="0.492"/>
  <system-out><![CDATA[?[1;31m
Start test 1?[0m
open phonebook.db

[menu] Enter action (add, list, search, count, exit): > exit
?[1;31m
Start test 2?[0m
open phonebook.db

[menu] Enter action (add, list, search, count, exit): > count
The Phone Book has 0 records.

[menu] Enter action (add, list, search, count, exit): > exit
?[1;31m
Start test 3?[0m
open phonebook.db

[menu] Enter action (add, list, search, count, exit): > add
Enter the type (person, organization): > person
Enter the name of the person: > John
Enter the surname of the person: > Smith
Enter the birth date: > 
Bad birth date!
Enter the gender (M, F): > 
Bad gender!
Enter the number: > 123 456 789
The record added.

[menu] Enter action (add, list, search, count, exit): > count
The Phone Book has 1 records.

[menu] Enter action (add, list, search, count, exit): > exit
?[1;31m
Start test 4?[0m
open phonebook.db

[menu] Enter action (add, list, search, count, exit): > add
Enter the type (person, organization): > person
Enter the name of the person: > John
Enter the surname of the person: > Smith
Enter the birth date: > 
Bad birth date!
Enter the gender (M, F): > 
Bad gender!
Enter the number: > 123 456 789
The record added.

[menu] Enter action (add, list, search, count, exit): > list
1. John Smith

[list] Enter action ([number], back): > 1
Name: John
Surname: Smith
Birth date: [no data]
Gender: [no data]
Number: 123 456 789
Time created: 2020-09-29T22:47:42
Time last edit: 2020-09-29T22:47:42

[record] Enter action (edit, delete, menu): > menu

[menu] Enter action (add, list, search, count, exit): > exit
?[1;31m
Start test 5?[0m
open phonebook.db

[menu] Enter action (add, list, search, count, exit): > add
Enter the type (person, organization): > organization
Enter the name of the organization: > Pizza Shop
Enter the address > Wall St. 1
Enter the number: > +0 (123) 456-789-9999
The record added.

[menu] Enter action (add, list, search, count, exit): > list
1. Pizza Shop

[list] Enter action ([number], back): > 1
Organization name: Pizza Shop
Address: Wall St. 1
Number: +0 (123) 456-789-9999
Time created: 2020-09-29T22:47:43
Time last edit: 2020-09-29T22:47:43

[record] Enter action (edit, delete, menu): > menu

[menu] Enter action (add, list, search, count, exit): > exit
?[1;31m
Start test 6?[0m
open phonebook.db

[menu] Enter action (add, list, search, count, exit): > add
Enter the type (person, organization): > person
Enter the name of the person: > John
Enter the surname of the person: > Smith
Enter the birth date: > 
Bad birth date!
Enter the gender (M, F): > 
Bad gender!
Enter the number: > 123 456 789
The record added.

[menu] Enter action (add, list, search, count, exit): > list
1. John Smith

[list] Enter action ([number], back): > 1
Name: John
Surname: Smith
Birth date: [no data]
Gender: [no data]
Number: 123 456 789
Time created: 2020-09-29T22:47:43
Time last edit: 2020-09-29T22:47:43

[record] Enter action (edit, delete, menu): > edit
Select a field (name, surname, birth date, gender, number): > gender
Enter the gender (M, F): > M
Saved
Name: John
Surname: Smith
Birth date: [no data]
Gender: M
Number: 123 456 789
Time created: 2020-09-29T22:47:43
Time last edit: 2020-09-29T22:47:43

[menu] Enter action (add, list, search, count, exit): > menu
[menu] Enter action (add, list, search, count, exit): > list
1. John Smith

[list] Enter action ([number], back): > 1
Name: John
Surname: Smith
Birth date: [no data]
Gender: M
Number: 123 456 789
Time created: 2020-09-29T22:47:43
Time last edit: 2020-09-29T22:47:43

[record] Enter action (edit, delete, menu): > menu

[menu] Enter action (add, list, search, count, exit): > exit
?[1;31m
Start test 7?[0m
open phonebook.db

[menu] Enter action (add, list, search, count, exit): > add
Enter the type (person, organization): > organization
Enter the name of the organization: > Pizza Shop
Enter the address > Wall St. 1
Enter the number: > +0 (123) 456-789-9999
The record added.

[menu] Enter action (add, list, search, count, exit): > list
1. Pizza Shop

[list] Enter action ([number], back): > 1
Organization name: Pizza Shop
Address: Wall St. 1
Number: +0 (123) 456-789-9999
Time created: 2020-09-29T22:47:43
Time last edit: 2020-09-29T22:47:43

[record] Enter action (edit, delete, menu): > edit
Select a field (name, address, number): > address
Enter address: > Wall St 2
Saved
Organization name: Pizza Shop
Address: Wall St 2
Number: +0 (123) 456-789-9999
Time created: 2020-09-29T22:47:43
Time last edit: 2020-09-29T22:47:43

[menu] Enter action (add, list, search, count, exit): > menu
[menu] Enter action (add, list, search, count, exit): > list
1. Pizza Shop

[list] Enter action ([number], back): > 1
Organization name: Pizza Shop
Address: Wall St 2
Number: +0 (123) 456-789-9999
Time created: 2020-09-29T22:47:43
Time last edit: 2020-09-29T22:47:43

[record] Enter action (edit, delete, menu): > menu

[menu] Enter action (add, list, search, count, exit): > exit
?[1;31m
Start test 8?[0m
open phonebook.db

[menu] Enter action (add, list, search, count, exit): > add
Enter the type (person, organization): > organization
Enter the name of the organization: > Pizza Shop
Enter the address > Wall St. 1
Enter the number: > +0 (123) 456-789-9999
The record added.

[menu] Enter action (add, list, search, count, exit): > add
Enter the type (person, organization): > person
Enter the name of the person: > John
Enter the surname of the person: > Smith
Enter the birth date: > 
Bad birth date!
Enter the gender (M, F): > 
Bad gender!
Enter the number: > 123 456 789
The record added.

[menu] Enter action (add, list, search, count, exit): > add
Enter the type (person, organization): > organization
Enter the name of the organization: > PizzaNuts
Enter the address > Wall St. 6
Enter the number: > +0 (123) 456-789-9999
The record added.

[menu] Enter action (add, list, search, count, exit): > search
Enter search query: > pizz
organization name: pizza shop
address: wall st. 1
number: +0 (123) 456-789-9999
time created: 2020-09-29t22:47:43
time last edit: 2020-09-29t22:47:43

name: john
surname: smith
birth date: [no data]
gender: [no data]
number: 123 456 789
time created: 2020-09-29t22:47:43
time last edit: 2020-09-29t22:47:43

organization name: pizzanuts
address: wall st. 6
number: +0 (123) 456-789-9999
time created: 2020-09-29t22:47:43
time last edit: 2020-09-29t22:47:43

Found 2 results:
1. Pizza Shop
2. PizzaNuts

[search] Enter action ([number], back, again): > 1
Organization name: Pizza Shop
Address: Wall St. 1
Number: +0 (123) 456-789-9999
Time created: 2020-09-29T22:47:43
Time last edit: 2020-09-29T22:47:43

[record] Enter action (edit, delete, menu): > menu

[menu] Enter action (add, list, search, count, exit): > exit
?[1;31m
Start test 9?[0m
open phonebook.db

[menu] Enter action (add, list, search, count, exit): > add
Enter the type (person, organization): > organization
Enter the name of the organization: > Pizza Shop
Enter the address > Wall St. 1
Enter the number: > +0 (123) 456-789-9999
The record added.

[menu] Enter action (add, list, search, count, exit): > add
Enter the type (person, organization): > person
Enter the name of the person: > John
Enter the surname of the person: > Smith
Enter the birth date: > 
Bad birth date!
Enter the gender (M, F): > 
Bad gender!
Enter the number: > 123 456 789
The record added.

[menu] Enter action (add, list, search, count, exit): > add
Enter the type (person, organization): > organization
Enter the name of the organization: > PizzaNuts
Enter the address > Wall St. 6
Enter the number: > +0 (123) 456-789-9999
The record added.

[menu] Enter action (add, list, search, count, exit): > search
Enter search query: > s
organization name: pizza shop
address: wall st. 1
number: +0 (123) 456-789-9999
time created: 2020-09-29t22:47:43
time last edit: 2020-09-29t22:47:43

name: john
surname: smith
birth date: [no data]
gender: [no data]
number: 123 456 789
time created: 2020-09-29t22:47:43
time last edit: 2020-09-29t22:47:43

organization name: pizzanuts
address: wall st. 6
number: +0 (123) 456-789-9999
time created: 2020-09-29t22:47:43
time last edit: 2020-09-29t22:47:43

Found 3 results:
1. Pizza Shop
2. John Smith
3. PizzaNuts

[search] Enter action ([number], back, again): > 1
Organization name: Pizza Shop
Address: Wall St. 1
Number: +0 (123) 456-789-9999
Time created: 2020-09-29T22:47:43
Time last edit: 2020-09-29T22:47:43

[record] Enter action (edit, delete, menu): > menu

[menu] Enter action (add, list, search, count, exit): > exit
?[1;31m
Start test 10?[0m
open phonebook.db

[menu] Enter action (add, list, search, count, exit): > add
Enter the type (person, organization): > organization
Enter the name of the organization: > Pizza Shop
Enter the address > Wall St. 1
Enter the number: > +0 (123) 456-789-9999
The record added.

[menu] Enter action (add, list, search, count, exit): > add
Enter the type (person, organization): > person
Enter the name of the person: > John
Enter the surname of the person: > Smith
Enter the birth date: > 
Bad birth date!
Enter the gender (M, F): > 
Bad gender!
Enter the number: > 123 456 789
The record added.

[menu] Enter action (add, list, search, count, exit): > add
Enter the type (person, organization): > organization
Enter the name of the organization: > PizzaNuts
Enter the address > Wall St. 6
Enter the number: > +0 (123) 456-781-9999
The record added.

[menu] Enter action (add, list, search, count, exit): > search
Enter search query: > 789
organization name: pizza shop
address: wall st. 1
number: +0 (123) 456-789-9999
time created: 2020-09-29t22:47:43
time last edit: 2020-09-29t22:47:43

name: john
surname: smith
birth date: [no data]
gender: [no data]
number: 123 456 789
time created: 2020-09-29t22:47:43
time last edit: 2020-09-29t22:47:43

organization name: pizzanuts
address: wall st. 6
number: +0 (123) 456-781-9999
time created: 2020-09-29t22:47:43
time last edit: 2020-09-29t22:47:43

Found 2 results:
1. Pizza Shop
2. John Smith

[search] Enter action ([number], back, again): > 1
Organization name: Pizza Shop
Address: Wall St. 1
Number: +0 (123) 456-789-9999
Time created: 2020-09-29T22:47:43
Time last edit: 2020-09-29T22:47:43

[record] Enter action (edit, delete, menu): > menu

[menu] Enter action (add, list, search, count, exit): > exit
]]></system-out>
  <system-err><![CDATA[]]></system-err>
</testsuite>
